<?xml version="1.0" encoding="UTF-8"?>
<!-- Generated by org.testng.reporters.JUnitReportReporter -->
<testsuite name="testDashboard.Testdashboard1" tests="1" time="9.229" ignored="6" failures="0" timestamp="18 Apr 2021 14:41:28 GMT" skipped="0" hostname="DESKTOP-S0T7VIK" errors="0">
  <testcase name="testCourcesoffer" time="9.229" classname="testDashboard.Testdashboard1"/>
  <testcase name="clickDashboard" classname="testDashboard.Testdashboard1">
    <skipped/>
  </testcase> <!-- clickDashboard -->
  <testcase name="clickdownloads" classname="testDashboard.Testdashboard1">
    <skipped/>
  </testcase> <!-- clickdownloads -->
  <testcase name="clickuser" classname="testDashboard.Testdashboard1">
    <skipped/>
  </testcase> <!-- clickuser -->
  <testcase name="clickoperators" classname="testDashboard.Testdashboard1">
    <skipped/>
  </testcase> <!-- clickoperators -->
  <testcase name="clicklogout" classname="testDashboard.Testdashboard1">
    <skipped/>
  </testcase> <!-- clicklogout -->
  <testcase name="winTest" classname="testDashboard.Testdashboard1">
    <skipped/>
  </testcase> <!-- winTest -->
</testsuite> <!-- testDashboard.Testdashboard1 -->
