<?xml version="1.0" encoding="UTF-8"?>
<!-- Generated by org.testng.reporters.JUnitReportReporter -->
<testsuite name="testDownload.Testdownload1" tests="1" time="15.474" ignored="9" failures="0" timestamp="24 Apr 2021 14:07:09 GMT" skipped="0" hostname="DESKTOP-S0T7VIK" errors="0">
  <testcase name="TestTable" time="15.474" classname="testDownload.Testdownload1"/>
  <testcase name="verifyHomelink" classname="testDownload.Testdownload1">
    <skipped/>
  </testcase> <!-- verifyHomelink -->
  <testcase name="verifyFooter" classname="testDownload.Testdownload1">
    <skipped/>
  </testcase> <!-- verifyFooter -->
  <testcase name="verifyTableOfficial1" classname="testDownload.Testdownload1">
    <skipped/>
  </testcase> <!-- verifyTableOfficial1 -->
  <testcase name="verifyTable64bit" classname="testDownload.Testdownload1">
    <skipped/>
  </testcase> <!-- verifyTable64bit -->
  <testcase name="verifyTablecommon" classname="testDownload.Testdownload1">
    <skipped/>
  </testcase> <!-- verifyTablecommon -->
  <testcase name="verifyTable32bit" classname="testDownload.Testdownload1">
    <skipped/>
  </testcase> <!-- verifyTable32bit -->
  <testcase name="verifyTable32bit1" classname="testDownload.Testdownload1">
    <skipped/>
  </testcase> <!-- verifyTable32bit1 -->
  <testcase name="verifyTableOfficial" classname="testDownload.Testdownload1">
    <skipped/>
  </testcase> <!-- verifyTableOfficial -->
  <testcase name="verifyDownloadlistHead" classname="testDownload.Testdownload1">
    <skipped/>
  </testcase> <!-- verifyDownloadlistHead -->
</testsuite> <!-- testDownload.Testdownload1 -->
